<?xml version="1.0" encoding="UTF-8"?>
<!-- Generated by org.testng.reporters.JUnitReportReporter -->
<testsuite skipped="0" hostname="spring2" name="selenium.webdriver.basic.Mousehover" tests="1" failures="0" timestamp="19 Apr 2018 21:10:42 GMT" time="7.845" errors="0">
  <testcase name="mouse" time="7.845" classname="selenium.webdriver.basic.Mousehover"/>
</testsuite> <!-- selenium.webdriver.basic.Mousehover -->
