<?xml version="1.0" encoding="UTF-8"?>
<!-- Generated by org.testng.reporters.JUnitReportReporter -->
<testsuite skipped="0" hostname="spring2" name="selenium.webdriver.basic.Calender" tests="1" failures="0" timestamp="03 May 2018 16:58:57 GMT" time="28.631" errors="0">
  <testcase name="cal" time="28.631" classname="selenium.webdriver.basic.Calender"/>
</testsuite> <!-- selenium.webdriver.basic.Calender -->
