<?xml version="1.0" encoding="UTF-8"?>
<!-- Generated by org.testng.reporters.JUnitReportReporter -->
<testsuite skipped="0" hostname="spring2" name="com.wordpress.TestCases.VerifyWordpressLogin" tests="1" failures="0" timestamp="02 May 2018 17:47:58 GMT" time="10.510" errors="0">
  <testcase name="verifyValidLogin" time="10.510" classname="com.wordpress.TestCases.VerifyWordpressLogin"/>
</testsuite> <!-- com.wordpress.TestCases.VerifyWordpressLogin -->
