<?xml version="1.0" encoding="UTF-8"?>
<!-- Generated by org.testng.reporters.JUnitReportReporter -->
<testsuite skipped="0" hostname="spring2" name="selenium.webdriver.basic.HiddenElements" tests="1" failures="0" timestamp="02 May 2018 03:28:21 GMT" time="23.923" errors="0">
  <testcase name="hidden" time="23.923" classname="selenium.webdriver.basic.HiddenElements"/>
</testsuite> <!-- selenium.webdriver.basic.HiddenElements -->
