<?xml version="1.0" encoding="UTF-8"?>
<!-- Generated by org.testng.reporters.JUnitReportReporter -->
<testsuite skipped="0" hostname="spring2" name="selenium.webdriver.basic.Radiobutton" tests="1" failures="0" timestamp="02 May 2018 17:47:58 GMT" time="9.219" errors="0">
  <testcase name="radio" time="9.219" classname="selenium.webdriver.basic.Radiobutton"/>
</testsuite> <!-- selenium.webdriver.basic.Radiobutton -->
