<?xml version="1.0" encoding="UTF-8"?>
<!-- Generated by org.testng.reporters.JUnitReportReporter -->
<testsuite skipped="0" hostname="spring2" name="selenium.webdriver.basic.Webtable2" tests="1" failures="0" timestamp="19 Apr 2018 18:15:47 GMT" time="5.686" errors="0">
  <testcase name="newtour" time="5.686" classname="selenium.webdriver.basic.Webtable2"/>
</testsuite> <!-- selenium.webdriver.basic.Webtable2 -->
