<?xml version="1.0" encoding="UTF-8"?>
<!-- Generated by org.testng.reporters.JUnitReportReporter -->
<testsuite skipped="0" hostname="spring2" name="selenium.webdriver.basic.Frame" tests="1" failures="0" timestamp="29 Apr 2018 19:31:07 GMT" time="40.959" errors="0">
  <testcase name="frame1" time="40.959" classname="selenium.webdriver.basic.Frame"/>
</testsuite> <!-- selenium.webdriver.basic.Frame -->
