<?xml version="1.0" encoding="UTF-8"?>
<!-- Generated by org.testng.reporters.JUnitReportReporter -->
<testsuite skipped="0" hostname="spring2" name="selenium.webdriver.basic.webtable" tests="1" failures="0" timestamp="13 Apr 2018 16:46:41 GMT" time="33.546" errors="0">
  <testcase name="f" time="33.546" classname="selenium.webdriver.basic.webtable"/>
</testsuite> <!-- selenium.webdriver.basic.webtable -->
