<?xml version="1.0" encoding="UTF-8"?>
<!-- Generated by org.testng.reporters.JUnitReportReporter -->
<testsuite skipped="0" hostname="spring2" name="selenium.webdriver.basic.testng" tests="1" failures="0" timestamp="09 Apr 2018 03:30:42 GMT" time="7.150" errors="0">
  <testcase name="verifytitle" time="7.150" classname="selenium.webdriver.basic.testng"/>
</testsuite> <!-- selenium.webdriver.basic.testng -->
