<?xml version="1.0" encoding="UTF-8"?>
<!-- Generated by org.testng.reporters.JUnitReportReporter -->
<testsuite skipped="0" hostname="spring2" name="com.wordpress.TestCases.VerifyvalidloginUsingFactory" tests="1" failures="0" timestamp="01 May 2018 23:48:18 GMT" time="9.250" errors="0">
  <testcase name="checkuser" time="9.250" classname="com.wordpress.TestCases.VerifyvalidloginUsingFactory"/>
</testsuite> <!-- com.wordpress.TestCases.VerifyvalidloginUsingFactory -->
