<?xml version="1.0" encoding="UTF-8"?>
<!-- Generated by org.testng.reporters.JUnitReportReporter -->
<testsuite skipped="0" hostname="spring2" name="selenium.webdriver.basic.Dynamic_dropdown" tests="1" failures="0" timestamp="28 Apr 2018 01:03:12 GMT" time="9.146" errors="0">
  <testcase name="dropdown" time="9.146" classname="selenium.webdriver.basic.Dynamic_dropdown"/>
</testsuite> <!-- selenium.webdriver.basic.Dynamic_dropdown -->
