<?xml version="1.0" encoding="UTF-8"?>
<!-- Generated by org.testng.reporters.JUnitReportReporter -->
<testsuite skipped="0" hostname="spring2" name="selenium.webdriver.basic.Lekha" tests="1" failures="0" timestamp="02 May 2018 17:47:58 GMT" time="0.028" errors="0">
  <testcase name="f" time="0.028" classname="selenium.webdriver.basic.Lekha"/>
</testsuite> <!-- selenium.webdriver.basic.Lekha -->
