<?xml version="1.0" encoding="UTF-8"?>
<!-- Generated by org.testng.reporters.JUnitReportReporter -->
<testsuite skipped="0" hostname="spring2" name="selenium.webdriver.basic.Scrolldownandup" tests="1" failures="0" timestamp="17 Apr 2018 00:52:42 GMT" time="22.010" errors="0">
  <testcase name="scroll" time="22.010" classname="selenium.webdriver.basic.Scrolldownandup"/>
</testsuite> <!-- selenium.webdriver.basic.Scrolldownandup -->
