<?xml version="1.0" encoding="UTF-8"?>
<!-- Generated by org.testng.reporters.JUnitReportReporter -->
<testsuite skipped="0" hostname="spring2" name="selenium.webdriver.basic.Webtablenewtour" tests="1" failures="0" timestamp="13 Apr 2018 17:26:20 GMT" time="23.233" errors="0">
  <testcase name="newtour" time="23.233" classname="selenium.webdriver.basic.Webtablenewtour"/>
</testsuite> <!-- selenium.webdriver.basic.Webtablenewtour -->
