<?xml version="1.0" encoding="UTF-8"?>
<!-- Generated by org.testng.reporters.JUnitReportReporter -->
<testsuite skipped="0" hostname="spring2" name="selenium.webdriver.basic.Scrolluntil_elementisfound" tests="1" failures="0" timestamp="29 Apr 2018 20:08:03 GMT" time="7.498" errors="0">
  <testcase name="scrolluntilfound" time="7.498" classname="selenium.webdriver.basic.Scrolluntil_elementisfound"/>
</testsuite> <!-- selenium.webdriver.basic.Scrolluntil_elementisfound -->
