<?xml version="1.0" encoding="UTF-8"?>
<!-- Generated by org.testng.reporters.JUnitReportReporter -->
<testsuite skipped="0" hostname="spring2" name="selenium.webdriver.basic.retreiveimages" tests="1" failures="0" timestamp="12 Apr 2018 02:13:43 GMT" time="48.469" errors="0">
  <testcase name="image" time="48.469" classname="selenium.webdriver.basic.retreiveimages"/>
</testsuite> <!-- selenium.webdriver.basic.retreiveimages -->
