<?xml version="1.0" encoding="UTF-8"?>
<!-- Generated by org.testng.reporters.JUnitReportReporter -->
<testsuite skipped="0" hostname="spring2" name="selenium.webdriver.basic.stringdemo" tests="1" failures="0" timestamp="10 Apr 2018 17:44:27 GMT" time="0.015" errors="0">
  <testcase name="t" time="0.015" classname="selenium.webdriver.basic.stringdemo"/>
</testsuite> <!-- selenium.webdriver.basic.stringdemo -->
